Drill report for 2.0.kicad_pcb
Created on Sat Jan  8 23:18:35 2022

Copper Layer Stackup:
    =============================================================
    L1 :  F.Cu                      front
    L2 :  B.Cu                      back


Drill file '2.0-PTH.drl' contains
    plated through holes:
    =============================================================
    T1  0.350mm  0.0138"  (84 holes)
    T2  0.350mm  0.0138"  (9 holes)
    T3  0.600mm  0.0236"  (4 holes)  (with 4 slots)

    Total plated holes count 97


Drill file '2.0-NPTH.drl' contains
    unplated through holes:
    =============================================================
    T1  0.650mm  0.0256"  (2 holes)
    T2  0.900mm  0.0354"  (14 holes)
    T3  1.702mm  0.0670"  (24 holes)
    T4  3.000mm  0.1181"  (24 holes)
    T5  3.988mm  0.1570"  (12 holes)
    T6  4.400mm  0.1732"  (7 holes)

    Total unplated holes count 83
