07-02 12:52:17 replicate_layout.action_replicate_layout 305:Plugin executed on: 'win32'
07-02 12:52:17 replicate_layout.action_replicate_layout 306:Plugin executed with python version: '2.7.18 (default, Apr 20 2020, 16:57:11)  [GCC 9.3.0 64 bit (AMD64)]'
07-02 12:52:17 replicate_layout.action_replicate_layout 307:KiCad build version: (5.1.9)-1
07-02 12:52:17 replicate_layout.action_replicate_layout 308:Replicate layout plugin version: 68 started
07-02 12:52:17 replicate_layout.action_replicate_layout 319:wx top level windows: wxWindowList: [<wx._windows.Frame; proxy of <Swig Object of type 'wxFrame *' at 0x30145f0> >, <wx._windows.Frame; proxy of <Swig Object of type 'wxFrame *' at 0x2f22570> >, <wx._windows.Frame; proxy of <Swig Object of type 'wxFrame *' at 0xc1fd060> >, <wx._windows.Frame; proxy of <Swig Object of type 'wxFrame *' at 0xcefc3b0> >, <wx._windows.Frame; proxy of <Swig Object of type 'wxFrame *' at 0x604ec020> >, <wx._windows.Frame; proxy of <Swig Object of type 'wxFrame *' at 0x5fc94b60> >, <wx._windows.Frame; proxy of <Swig Object of type 'wxFrame *' at 0x5fc955b0> >]
07-02 12:52:17 replicate_layout.action_replicate_layout 343:Preparing replicator with SW-P1 as a reference
07-02 12:52:17 replicate_layout.replicatelayout 215:getting project hierarchy from schematics
07-02 12:52:17 replicate_layout.replicatelayout 217:Project hierarchy looks like:
{u'60DF4418': [u'4P', u'C:\\Users\\jbark\\OneDrive\\KiCad\\KeyFighter\\KeyFighter\\SingleKey.sch'], u'60A6CD1A': [u'Left', u'C:\\Users\\jbark\\OneDrive\\KiCad\\KeyFighter\\KeyFighter\\SingleKey.sch'], u'60A725ED': [u'Up', u'C:\\Users\\jbark\\OneDrive\\KiCad\\KeyFighter\\KeyFighter\\SingleKey.sch'], u'60DF500F': [u'1K', u'C:\\Users\\jbark\\OneDrive\\KiCad\\KeyFighter\\KeyFighter\\SingleKey.sch'], u'60DF5C3B': [u'2K', u'C:\\Users\\jbark\\OneDrive\\KiCad\\KeyFighter\\KeyFighter\\SingleKey.sch'], u'60A724ED': [u'Down', u'C:\\Users\\jbark\\OneDrive\\KiCad\\KeyFighter\\KeyFighter\\SingleKey.sch'], u'60A72573': [u'Right', u'C:\\Users\\jbark\\OneDrive\\KiCad\\KeyFighter\\KeyFighter\\SingleKey.sch'], u'60DF76F4': [u'4K', u'C:\\Users\\jbark\\OneDrive\\KiCad\\KeyFighter\\KeyFighter\\SingleKey.sch'], u'60DF29A3': [u'3P', u'C:\\Users\\jbark\\OneDrive\\KiCad\\KeyFighter\\KeyFighter\\SingleKey.sch'], u'60DF20C0': [u'2P', u'C:\\Users\\jbark\\OneDrive\\KiCad\\KeyFighter\\KeyFighter\\SingleKey.sch'], u'60DF1278': [u'1P', u'C:\\Users\\jbark\\OneDrive\\KiCad\\KeyFighter\\KeyFighter\\SingleKey.sch'], u'60DF69C3': [u'3K', u'C:\\Users\\jbark\\OneDrive\\KiCad\\KeyFighter\\KeyFighter\\SingleKey.sch']}
07-02 12:52:17 replicate_layout.replicatelayout 225:getting a list of all footprints on board
07-02 12:52:17 replicate_layout.action_replicate_layout 370:source anchor footprint is u'SW-P1'
Located on:[u'Up']
With filenames:[u'SingleKey.sch']
With sheet_id:[u'Up']
07-02 12:52:17 replicate_layout.action_replicate_layout 374:Corresponding footprints are 
[(u'SW-P12', [u'4K']), (u'SW-P11', [u'3K']), (u'SW-P10', [u'2K']), (u'SW-P9', [u'1K']), (u'SW-P8', [u'4P']), (u'SW-P7', [u'3P']), (u'SW-P6', [u'2P']), (u'SW-P5', [u'1P']), (u'SW-P2', [u'Down']), (u'SW-P1', [u'Up']), (u'SW-P4', [u'Right']), (u'SW-P3', [u'Left'])]
07-02 12:52:17 replicate_layout.action_replicate_layout 387:Showing dialog
07-02 12:52:17 replicate_layout.action_replicate_layout 391:Pcbnew position: wx.Point(-11, -11)
07-02 12:52:17 replicate_layout.action_replicate_layout 397:Display 0: wx.Rect(0, 0, 1920, 1080)
07-02 12:52:17 replicate_layout.action_replicate_layout 401:Toolbar position: wx.Point(1636, 162)
07-02 12:52:17 replicate_layout.action_replicate_layout 408:Dialog position: wx.Point(1323, 162)
07-02 12:52:22 replicate_layout.replicatelayout 249:construcing a list of sheets suitable for replication on level:u'Up', file:u'SingleKey.sch'
07-02 12:52:22 replicate_layout.replicatelayout 256:Source sheet path up to the level:[u'Up']
07-02 12:52:22 replicate_layout.replicatelayout 260:Footprints on the sheets:
[u'SW-P12', u'SW-P11', u'SW-P10', u'SW-P9', u'SW-P8', u'SW-P7', u'SW-P6', u'SW-P5', u'SW-P2', u'SW-P1', u'SW-P4', u'SW-P3']
07-02 12:52:22 replicate_layout.replicatelayout 263:Footprints raw sheet ids:
[u'/60DF76F4/60A6CE62', u'/60DF69C3/60A6CE62', u'/60DF5C3B/60A6CE62', u'/60DF500F/60A6CE62', u'/60DF4418/60A6CE62', u'/60DF29A3/60A6CE62', u'/60DF20C0/60A6CE62', u'/60DF1278/60A6CE62', u'/60A724ED/60A6CE62', u'/60A725ED/60A6CE62', u'/60A72573/60A6CE62', u'/60A6CD1A/60A6CE62']
07-02 12:52:22 replicate_layout.replicatelayout 279:All sheets to replicate:
[[u'4K'], [u'3K'], [u'2K'], [u'1K'], [u'4P'], [u'3P'], [u'2P'], [u'1P'], [u'Down'], [u'Up'], [u'Right'], [u'Left']]
07-02 12:52:22 replicate_layout.replicatelayout 284:All sheets to replicate sorted:
[[u'1K'], [u'1P'], [u'2K'], [u'2P'], [u'3K'], [u'3P'], [u'4K'], [u'4P'], [u'Down'], [u'Left'], [u'Right'], [u'Up']]
07-02 12:52:22 replicate_layout.replicatelayout 290:All sheets to replicate sorted and without source sheet:
[[u'1K'], [u'1P'], [u'2K'], [u'2P'], [u'3K'], [u'3P'], [u'4K'], [u'4P'], [u'Down'], [u'Left'], [u'Right']]
07-02 12:52:34 replicate_layout.replicatelayout 249:construcing a list of sheets suitable for replication on level:u'Up', file:u'SingleKey.sch'
07-02 12:52:34 replicate_layout.replicatelayout 256:Source sheet path up to the level:[u'Up']
07-02 12:52:34 replicate_layout.replicatelayout 260:Footprints on the sheets:
[u'SW-P12', u'SW-P11', u'SW-P10', u'SW-P9', u'SW-P8', u'SW-P7', u'SW-P6', u'SW-P5', u'SW-P2', u'SW-P1', u'SW-P4', u'SW-P3']
07-02 12:52:34 replicate_layout.replicatelayout 263:Footprints raw sheet ids:
[u'/60DF76F4/60A6CE62', u'/60DF69C3/60A6CE62', u'/60DF5C3B/60A6CE62', u'/60DF500F/60A6CE62', u'/60DF4418/60A6CE62', u'/60DF29A3/60A6CE62', u'/60DF20C0/60A6CE62', u'/60DF1278/60A6CE62', u'/60A724ED/60A6CE62', u'/60A725ED/60A6CE62', u'/60A72573/60A6CE62', u'/60A6CD1A/60A6CE62']
07-02 12:52:34 replicate_layout.replicatelayout 279:All sheets to replicate:
[[u'4K'], [u'3K'], [u'2K'], [u'1K'], [u'4P'], [u'3P'], [u'2P'], [u'1P'], [u'Down'], [u'Up'], [u'Right'], [u'Left']]
07-02 12:52:34 replicate_layout.replicatelayout 284:All sheets to replicate sorted:
[[u'1K'], [u'1P'], [u'2K'], [u'2P'], [u'3K'], [u'3P'], [u'4K'], [u'4P'], [u'Down'], [u'Left'], [u'Right'], [u'Up']]
07-02 12:52:34 replicate_layout.replicatelayout 290:All sheets to replicate sorted and without source sheet:
[[u'1K'], [u'1P'], [u'2K'], [u'2P'], [u'3K'], [u'3P'], [u'4K'], [u'4P'], [u'Down'], [u'Left'], [u'Right']]
07-02 12:52:34 replicate_layout.action_replicate_layout 179:Replicating layout
07-02 12:52:34 replicate_layout.replicatelayout 990:Starting replication of sheets: [[u'1K'], [u'1P'], [u'2K'], [u'2P'], [u'3K'], [u'3P'], [u'4K'], [u'4P']]
on level: [u'Up']
with tracks=True, zone=True, text=True, containing=True, remove=False, locked=False
07-02 12:52:34 root 261:updating GUI message: 'Preparing for replication'
07-02 12:52:34 root 266:updating GUI with: 0
07-02 12:52:34 replicate_layout.replicatelayout 556:Getting the list of source footprints
07-02 12:52:34 replicate_layout.replicatelayout 560:Getting the list of all the remaining footprints
07-02 12:52:34 replicate_layout.replicatelayout 564:Getting nets local to source footprints
07-02 12:52:34 replicate_layout.replicatelayout 568:Getting source bounding box
07-02 12:52:34 root 266:updating GUI with: 37
07-02 12:52:34 replicate_layout.replicatelayout 572:Getting source tracks
07-02 12:52:34 replicate_layout.replicatelayout 576:Getting source zones
07-02 12:52:34 replicate_layout.replicatelayout 580:Getting source text items
07-02 12:52:34 replicate_layout.replicatelayout 584:Getting source text items
07-02 12:52:34 root 261:updating GUI message: 'Replicating footprints'
07-02 12:52:34 replicate_layout.replicatelayout 590:Replicating footprints
07-02 12:52:34 replicate_layout.replicatelayout 596:Replicating footprints on sheet [u'1K']
07-02 12:52:34 replicate_layout.replicatelayout 596:Replicating footprints on sheet [u'1P']
07-02 12:52:34 replicate_layout.replicatelayout 596:Replicating footprints on sheet [u'2K']
07-02 12:52:34 root 266:updating GUI with: 37
07-02 12:52:34 replicate_layout.replicatelayout 596:Replicating footprints on sheet [u'2P']
07-02 12:52:34 replicate_layout.replicatelayout 596:Replicating footprints on sheet [u'3K']
07-02 12:52:34 replicate_layout.replicatelayout 596:Replicating footprints on sheet [u'3P']
07-02 12:52:34 replicate_layout.replicatelayout 596:Replicating footprints on sheet [u'4K']
07-02 12:52:34 root 266:updating GUI with: 87
07-02 12:52:34 replicate_layout.replicatelayout 596:Replicating footprints on sheet [u'4P']
07-02 12:52:34 root 261:updating GUI message: 'Replicating tracks'
07-02 12:52:34 replicate_layout.replicatelayout 716:Replicating tracks
07-02 12:52:34 replicate_layout.replicatelayout 722:Replicating tracks on sheet [u'1K']
07-02 12:52:34 replicate_layout.replicatelayout 722:Replicating tracks on sheet [u'1P']
07-02 12:52:34 replicate_layout.replicatelayout 722:Replicating tracks on sheet [u'2K']
07-02 12:52:34 replicate_layout.replicatelayout 722:Replicating tracks on sheet [u'2P']
07-02 12:52:34 replicate_layout.replicatelayout 722:Replicating tracks on sheet [u'3K']
07-02 12:52:34 root 266:updating GUI with: 62
07-02 12:52:34 replicate_layout.replicatelayout 722:Replicating tracks on sheet [u'3P']
07-02 12:52:34 replicate_layout.replicatelayout 722:Replicating tracks on sheet [u'4K']
07-02 12:52:34 replicate_layout.replicatelayout 722:Replicating tracks on sheet [u'4P']
07-02 12:52:34 root 261:updating GUI message: 'Replicating zones'
07-02 12:52:34 replicate_layout.replicatelayout 767:Replicating zones
07-02 12:52:34 replicate_layout.replicatelayout 774:Replicating zones on sheet [u'1K']
07-02 12:52:34 replicate_layout.replicatelayout 774:Replicating zones on sheet [u'1P']
07-02 12:52:34 replicate_layout.replicatelayout 774:Replicating zones on sheet [u'2K']
07-02 12:52:34 replicate_layout.replicatelayout 774:Replicating zones on sheet [u'2P']
07-02 12:52:34 replicate_layout.replicatelayout 774:Replicating zones on sheet [u'3K']
07-02 12:52:34 root 266:updating GUI with: 62
07-02 12:52:34 replicate_layout.replicatelayout 774:Replicating zones on sheet [u'3P']
07-02 12:52:34 replicate_layout.replicatelayout 774:Replicating zones on sheet [u'4K']
07-02 12:52:34 replicate_layout.replicatelayout 774:Replicating zones on sheet [u'4P']
07-02 12:52:34 root 261:updating GUI message: 'Replicating text'
07-02 12:52:34 replicate_layout.replicatelayout 833:Replicating text
07-02 12:52:34 replicate_layout.replicatelayout 840:Replicating text on sheet [u'1K']
07-02 12:52:34 replicate_layout.replicatelayout 840:Replicating text on sheet [u'1P']
07-02 12:52:34 replicate_layout.replicatelayout 840:Replicating text on sheet [u'2K']
07-02 12:52:34 replicate_layout.replicatelayout 840:Replicating text on sheet [u'2P']
07-02 12:52:34 replicate_layout.replicatelayout 840:Replicating text on sheet [u'3K']
07-02 12:52:34 replicate_layout.replicatelayout 840:Replicating text on sheet [u'3P']
07-02 12:52:34 replicate_layout.replicatelayout 840:Replicating text on sheet [u'4K']
07-02 12:52:34 replicate_layout.replicatelayout 840:Replicating text on sheet [u'4P']
07-02 12:52:34 root 261:updating GUI message: 'Replicating drawings'
07-02 12:52:34 replicate_layout.replicatelayout 864:Replicating drawings
07-02 12:52:34 replicate_layout.replicatelayout 870:Replicating drawings on sheet [u'1K']
07-02 12:52:34 replicate_layout.replicatelayout 870:Replicating drawings on sheet [u'1P']
07-02 12:52:34 replicate_layout.replicatelayout 870:Replicating drawings on sheet [u'2K']
07-02 12:52:34 replicate_layout.replicatelayout 870:Replicating drawings on sheet [u'2P']
07-02 12:52:34 replicate_layout.replicatelayout 870:Replicating drawings on sheet [u'3K']
07-02 12:52:34 replicate_layout.replicatelayout 870:Replicating drawings on sheet [u'3P']
07-02 12:52:34 replicate_layout.replicatelayout 870:Replicating drawings on sheet [u'4K']
07-02 12:52:34 replicate_layout.replicatelayout 870:Replicating drawings on sheet [u'4P']
07-02 12:52:34 replicate_layout.action_replicate_layout 201:Replication complete
